testfacepass/build/intermediates/manifest_merge_blame_file/debug/manifest-merger-blame-debug-report.txt
1<?xml version="1.0" encoding="utf-8"?>
2<manifest xmlns:android="http://schemas.android.com/apk/res/android"
3    package="megvii.testfacepass"
4    android:versionCode="1"
5    android:versionName="1.0" >
6
7    <uses-sdk
8        android:minSdkVersion="19"
8-->src\main\AndroidManifest.xml
9        android:targetSdkVersion="31" />
9-->src\main\AndroidManifest.xml
10
11    <uses-permission android:name="android.permission.CAMERA" />
11-->src\main\AndroidManifest.xml:5:5-65
11-->src\main\AndroidManifest.xml:5:22-62
12    <uses-permission android:name="android.permission.INTERNET" />
12-->src\main\AndroidManifest.xml:6:5-67
12-->src\main\AndroidManifest.xml:6:22-64
13    <uses-permission android:name="android.permission.ACCESS_NETWORK_STATE" />
13-->src\main\AndroidManifest.xml:7:5-79
13-->src\main\AndroidManifest.xml:7:22-76
14    <uses-permission android:name="android.permission.READ_EXTERNAL_STORAGE" />
14-->src\main\AndroidManifest.xml:8:5-79
14-->src\main\AndroidManifest.xml:8:22-77
15    <uses-permission android:name="android.permission.WRITE_EXTERNAL_STORAGE" />
15-->src\main\AndroidManifest.xml:9:5-81
15-->src\main\AndroidManifest.xml:9:22-78
16    <uses-permission android:name="android.permission.MOUNT_UNMOUNT_FILESYSTEMS" />
16-->src\main\AndroidManifest.xml:10:5-84
16-->src\main\AndroidManifest.xml:10:22-81
17
18    <meta-data
18-->[com.android.support:appcompat-v7:25.3.1] AndroidManifest.xml:25:5-27:34
19        android:name="android.support.VERSION"
19-->[com.android.support:appcompat-v7:25.3.1] AndroidManifest.xml:26:9-47
20        android:value="25.3.1" />
20-->[com.android.support:appcompat-v7:25.3.1] AndroidManifest.xml:27:9-31
21
22    <application
22-->src\main\AndroidManifest.xml:12:5-35:19
23        android:allowBackup="true"
23-->src\main\AndroidManifest.xml:13:9-35
24        android:debuggable="true"
25        android:icon="@mipmap/ic_launcher"
25-->src\main\AndroidManifest.xml:14:9-43
26        android:label="@string/app_name"
26-->src\main\AndroidManifest.xml:15:9-41
27        android:roundIcon="@mipmap/ic_launcher_round"
27-->src\main\AndroidManifest.xml:16:9-54
28        android:supportsRtl="true"
28-->src\main\AndroidManifest.xml:17:9-35
29        android:testOnly="true"
30        android:theme="@style/AppTheme" >
30-->src\main\AndroidManifest.xml:18:9-40
31        <activity
31-->src\main\AndroidManifest.xml:19:9-26:20
32            android:name="megvii.testfacepass.SplashActivity"
32-->src\main\AndroidManifest.xml:19:19-49
33            android:exported="true"
33-->src\main\AndroidManifest.xml:21:13-36
34            android:label="facepass" >
34-->src\main\AndroidManifest.xml:20:13-37
35            <intent-filter>
35-->src\main\AndroidManifest.xml:22:13-25:29
36                <action android:name="android.intent.action.MAIN" />
36-->src\main\AndroidManifest.xml:23:17-69
36-->src\main\AndroidManifest.xml:23:25-66
37
38                <category android:name="android.intent.category.LAUNCHER" />
38-->src\main\AndroidManifest.xml:24:17-77
38-->src\main\AndroidManifest.xml:24:27-74
39            </intent-filter>
40        </activity>
41        <activity android:name="megvii.testfacepass.MainActivity" >
41-->src\main\AndroidManifest.xml:27:9-29:20
41-->src\main\AndroidManifest.xml:27:19-47
42        </activity>
43        <activity
43-->src\main\AndroidManifest.xml:31:9-34:20
44            android:name="megvii.testfacepass.SettingActivity"
44-->src\main\AndroidManifest.xml:31:19-50
45            android:theme="@android:style/Theme.NoTitleBar.Fullscreen" >
45-->src\main\AndroidManifest.xml:32:13-71
46        </activity>
47    </application>
48
49</manifest>